<?xml version="1.0" encoding="UTF-8"?>
<testsuite name="com.bloomtech.welcomeletter.MasteryTask_4_FormLetterService" tests="1" skipped="0" failures="0" errors="0" timestamp="2022-12-01T20:17:03" hostname="Sams-MacBook-Air.local" time="0.03">
  <properties/>
  <testcase name="generateFormLetter_returnsWelcomeLetter()" classname="com.bloomtech.welcomeletter.MasteryTask_4_FormLetterService" time="0.03"/>
  <system-out><![CDATA[./src/resources/out/WelcomeTestEmployee.txt
]]></system-out>
  <system-err><![CDATA[]]></system-err>
</testsuite>
