<?xml version="1.0" encoding="UTF-8"?>
<testsuite name="com.bloomtech.welcomeletter.MasteryTask_4_FileIO" tests="2" skipped="0" failures="0" errors="0" timestamp="2022-12-01T20:17:03" hostname="Sams-MacBook-Air.local" time="0.039">
  <properties/>
  <testcase name="testFileManager_writeToNewFile()" classname="com.bloomtech.welcomeletter.MasteryTask_4_FileIO" time="0.012"/>
  <testcase name="testFileManager_readExistingFile()" classname="com.bloomtech.welcomeletter.MasteryTask_4_FileIO" time="0.026"/>
  <system-out><![CDATA[./src/resources/out/testFile.txt
]]></system-out>
  <system-err><![CDATA[]]></system-err>
</testsuite>
